============================================================
Time  2023/07/13 23:58:13 140 
============================================================
[2023/07/13 23:58:13 140] tts        811  SYS_MSG_REGCB param0 =  msp_status_cb  param1 =  func(1c0167f0) 
[2023/07/13 23:58:13 140] config     43   use general cloud  
[2023/07/13 23:58:13 142] tts_cloud  1438 SYS_MSG_REGCB_CLOUD param0 =   msp_status_cb  param1 =  func(1c0167f0) 
[2023/07/13 23:58:13 142] tts        782  TTS_MSG_SSB  
[2023/07/13 23:58:13 142] tts        434  params =  engine_type = purextts,voice_name=xiaoyan, text_encoding = UTF8, tts_res_path = fo|res/xtts/xiaoyan.jet;fo|res/xtts/common.jet, sample_rate = 16000, speed = 50, volume = 50, pitch = 50, rdn = 2  
[2023/07/13 23:58:13 142] tts        273  auf=audio/L16;rate=16000  
[2023/07/13 23:58:13 142] tts        273  auf=audio/L16;rate=16000  
[2023/07/13 23:58:13 142] tts        499  ssb|use purextts  
[2023/07/13 23:58:13 142] tts        406  purextts_session_begin  
[2023/07/13 23:58:13 143] tts        416  audio_id=  1  
[2023/07/13 23:58:13 143] tts        789  TTS_MSG_SYN  0  
[2023/07/13 23:58:13 143] tts        532  synth|use purextts  
[2023/07/13 23:58:13 144] tts        792  TTS_MSG_GETAUDIO  0  
[2023/07/13 23:58:13 144] tts        638  get audio|use purextts  
[2023/07/13 23:58:13 144] tts        671  0  nil  1  17579669  
[2023/07/13 23:58:13 144] tts        792  TTS_MSG_GETAUDIO  0  
[2023/07/13 23:58:13 144] tts        638  get audio|use purextts  
[2023/07/13 23:58:13 144] tts        671  0  nil  1  17579669  
[2023/07/13 23:58:13 144] tts        792  TTS_MSG_GETAUDIO  0  
[2023/07/13 23:58:13 144] tts        638  get audio|use purextts  
[2023/07/13 23:58:13 144] tts        671  0  nil  1  17579670  
[2023/07/13 23:58:13 144] tts        792  TTS_MSG_GETAUDIO  0  
[2023/07/13 23:58:13 144] tts        638  get audio|use purextts  
[2023/07/13 23:58:13 144] tts        671  0  nil  1  17579670  
[2023/07/13 23:58:13 144] tts        792  TTS_MSG_GETAUDIO  0  
[2023/07/13 23:58:13 144] tts        638  get audio|use purextts  
[2023/07/13 23:58:13 144] tts        671  0  nil  1  17579670  
[2023/07/13 23:58:13 144] tts        792  TTS_MSG_GETAUDIO  0  
[2023/07/13 23:58:13 144] tts        638  get audio|use purextts  
[2023/07/13 23:58:13 144] tts        671  0  nil  1  17579670  
[2023/07/13 23:58:13 144] tts        792  TTS_MSG_GETAUDIO  0  
[2023/07/13 23:58:13 144] tts        638  get audio|use purextts  
[2023/07/13 23:58:13 144] tts        671  0  nil  1  17579670  
[2023/07/13 23:58:13 144] tts        792  TTS_MSG_GETAUDIO  0  
[2023/07/13 23:58:13 144] tts        638  get audio|use purextts  
[2023/07/13 23:58:13 144] tts        671  0  nil  1  17579670  
[2023/07/13 23:58:13 144] tts        792  TTS_MSG_GETAUDIO  0  
[2023/07/13 23:58:13 144] tts        638  get audio|use purextts  
[2023/07/13 23:58:13 145] tts        671  0  nil  1  17579670  
[2023/07/13 23:58:13 145] tts        792  TTS_MSG_GETAUDIO  0  
[2023/07/13 23:58:13 145] tts        638  get audio|use purextts  
[2023/07/13 23:58:13 145] tts        671  0  nil  1  17579670  
[2023/07/13 23:58:13 145] tts        792  TTS_MSG_GETAUDIO  0  
[2023/07/13 23:58:13 145] tts        638  get audio|use purextts  
[2023/07/13 23:58:13 145] tts        671  0  nil  1  17579671  
[2023/07/13 23:58:13 145] tts        792  TTS_MSG_GETAUDIO  0  
[2023/07/13 23:58:13 145] tts        638  get audio|use purextts  
[2023/07/13 23:58:13 145] tts        671  0  nil  1  17579671  
[2023/07/13 23:58:13 145] tts        792  TTS_MSG_GETAUDIO  0  
[2023/07/13 23:58:13 145] tts        638  get audio|use purextts  
[2023/07/13 23:58:13 145] tts        671  0  nil  1  17579671  
[2023/07/13 23:58:13 145] tts        792  TTS_MSG_GETAUDIO  0  
[2023/07/13 23:58:13 145] tts        638  get audio|use purextts  
[2023/07/13 23:58:13 145] tts        671  0  nil  1  17579671  
[2023/07/13 23:58:13 146] tts        792  TTS_MSG_GETAUDIO  0  
[2023/07/13 23:58:13 146] tts        638  get audio|use purextts  
[2023/07/13 23:58:13 146] tts        671  0  nil  1  17579671  
[2023/07/13 23:58:13 146] tts        792  TTS_MSG_GETAUDIO  0  
[2023/07/13 23:58:13 146] tts        638  get audio|use purextts  
[2023/07/13 23:58:13 146] tts        671  0  nil  1  17579672  
[2023/07/13 23:58:13 147] tts        792  TTS_MSG_GETAUDIO  0  
[2023/07/13 23:58:13 147] tts        638  get audio|use purextts  
[2023/07/13 23:58:13 147] tts        671  0  nil  1  17579672  
[2023/07/13 23:58:13 147] tts        792  TTS_MSG_GETAUDIO  0  
[2023/07/13 23:58:13 147] tts        638  get audio|use purextts  
[2023/07/13 23:58:13 147] tts        671  0  nil  1  17579673  
[2023/07/13 23:58:13 147] tts        792  TTS_MSG_GETAUDIO  0  
[2023/07/13 23:58:13 147] tts        638  get audio|use purextts  
[2023/07/13 23:58:13 147] tts        671  0  nil  1  17579673  
[2023/07/13 23:58:13 147] tts        792  TTS_MSG_GETAUDIO  0  
[2023/07/13 23:58:13 147] tts        638  get audio|use purextts  
[2023/07/13 23:58:13 147] tts        671  0  nil  1  17579673  
[2023/07/13 23:58:13 147] tts        792  TTS_MSG_GETAUDIO  0  
[2023/07/13 23:58:13 147] tts        638  get audio|use purextts  
[2023/07/13 23:58:13 147] tts        671  0  nil  1  17579673  
[2023/07/13 23:58:13 147] tts        792  TTS_MSG_GETAUDIO  0  
[2023/07/13 23:58:13 147] tts        638  get audio|use purextts  
[2023/07/13 23:58:13 148] tts        671  0  nil  1  17579673  
[2023/07/13 23:58:13 148] tts        340  10116  0  
[2023/07/13 23:58:13 148] tts        347  TTS_PUREXTTS_CB_END,  2  
[2023/07/13 23:58:13 148] tts        340  24007  10116  
[2023/07/13 23:58:13 148] tts        347  TTS_PUREXTTS_CB_END,  2  
[2023/07/13 23:58:13 148] tts        792  TTS_MSG_GETAUDIO  10116  
[2023/07/13 23:58:13 148] tts        795  TTS_MSG_SSE  
[2023/07/13 23:58:13 148] tts        742  sse|use local  
[2023/07/13 23:58:13 148] tts        761  audio_id=  2  
[2023/07/13 23:58:13 148] tts        764  tts exit  
