============================================================
Time  2023/07/13 23:15:37 498 
============================================================
[2023/07/13 23:15:37 498] tts        811  SYS_MSG_REGCB param0 =  msp_status_cb  param1 =  func(480167f0) 
[2023/07/13 23:15:37 499] config     43   use general cloud  
[2023/07/13 23:15:37 500] tts_cloud  1438 SYS_MSG_REGCB_CLOUD param0 =   msp_status_cb  param1 =  func(480167f0) 
[2023/07/13 23:15:37 500] tts        782  TTS_MSG_SSB  
[2023/07/13 23:15:37 500] tts        434  params =  engine_type = purextts,voice_name=xiaoyan, text_encoding = UTF8, tts_res_path = fo|res/xtts/xiaoyan.jet;fo|res/xtts/common.jet, sample_rate = 16000, speed = 50, volume = 50, pitch = 50, rdn = 2  
[2023/07/13 23:15:37 500] tts        273  auf=audio/L16;rate=16000  
[2023/07/13 23:15:37 500] tts        273  auf=audio/L16;rate=16000  
[2023/07/13 23:15:37 500] tts        499  ssb|use purextts  
[2023/07/13 23:15:37 500] tts        406  purextts_session_begin  
[2023/07/13 23:15:37 501] tts        416  audio_id=  1  
[2023/07/13 23:15:37 502] tts        789  TTS_MSG_SYN  0  
[2023/07/13 23:15:37 502] tts        532  synth|use purextts  
[2023/07/13 23:15:37 502] tts        792  TTS_MSG_GETAUDIO  0  
[2023/07/13 23:15:37 502] tts        638  get audio|use purextts  
[2023/07/13 23:15:37 502] tts        671  0  nil  1  15023227  
[2023/07/13 23:15:37 502] tts        792  TTS_MSG_GETAUDIO  0  
[2023/07/13 23:15:37 502] tts        638  get audio|use purextts  
[2023/07/13 23:15:37 502] tts        671  0  nil  1  15023227  
[2023/07/13 23:15:37 502] tts        792  TTS_MSG_GETAUDIO  0  
[2023/07/13 23:15:37 502] tts        638  get audio|use purextts  
[2023/07/13 23:15:37 502] tts        671  0  nil  1  15023228  
[2023/07/13 23:15:37 502] tts        792  TTS_MSG_GETAUDIO  0  
[2023/07/13 23:15:37 502] tts        638  get audio|use purextts  
[2023/07/13 23:15:37 502] tts        671  0  nil  1  15023228  
[2023/07/13 23:15:37 502] tts        792  TTS_MSG_GETAUDIO  0  
[2023/07/13 23:15:37 502] tts        638  get audio|use purextts  
[2023/07/13 23:15:37 503] tts        671  0  nil  1  15023228  
[2023/07/13 23:15:37 503] tts        792  TTS_MSG_GETAUDIO  0  
[2023/07/13 23:15:37 503] tts        638  get audio|use purextts  
[2023/07/13 23:15:37 503] tts        671  0  nil  1  15023228  
[2023/07/13 23:15:37 503] tts        792  TTS_MSG_GETAUDIO  0  
[2023/07/13 23:15:37 503] tts        638  get audio|use purextts  
[2023/07/13 23:15:37 503] tts        671  0  nil  1  15023228  
[2023/07/13 23:15:37 503] tts        792  TTS_MSG_GETAUDIO  0  
[2023/07/13 23:15:37 503] tts        638  get audio|use purextts  
[2023/07/13 23:15:37 503] tts        671  0  nil  1  15023228  
[2023/07/13 23:15:37 503] tts        792  TTS_MSG_GETAUDIO  0  
[2023/07/13 23:15:37 503] tts        638  get audio|use purextts  
[2023/07/13 23:15:37 503] tts        671  0  nil  1  15023229  
[2023/07/13 23:15:37 504] tts        792  TTS_MSG_GETAUDIO  0  
[2023/07/13 23:15:37 504] tts        638  get audio|use purextts  
[2023/07/13 23:15:37 504] tts        671  0  nil  1  15023229  
[2023/07/13 23:15:37 504] tts        792  TTS_MSG_GETAUDIO  0  
[2023/07/13 23:15:37 504] tts        638  get audio|use purextts  
[2023/07/13 23:15:37 504] tts        671  0  nil  1  15023230  
[2023/07/13 23:15:37 504] tts        792  TTS_MSG_GETAUDIO  0  
[2023/07/13 23:15:37 504] tts        638  get audio|use purextts  
[2023/07/13 23:15:37 504] tts        671  0  nil  1  15023230  
[2023/07/13 23:15:37 505] tts        792  TTS_MSG_GETAUDIO  0  
[2023/07/13 23:15:37 505] tts        638  get audio|use purextts  
[2023/07/13 23:15:37 505] tts        671  0  nil  1  15023230  
[2023/07/13 23:15:37 505] tts        792  TTS_MSG_GETAUDIO  0  
[2023/07/13 23:15:37 505] tts        638  get audio|use purextts  
[2023/07/13 23:15:37 505] tts        671  0  nil  1  15023231  
[2023/07/13 23:15:37 506] tts        792  TTS_MSG_GETAUDIO  0  
[2023/07/13 23:15:37 506] tts        638  get audio|use purextts  
[2023/07/13 23:15:37 506] tts        671  0  nil  1  15023231  
[2023/07/13 23:15:37 506] tts        340  10116  0  
[2023/07/13 23:15:37 506] tts        347  TTS_PUREXTTS_CB_END,  2  
[2023/07/13 23:15:37 506] tts        792  TTS_MSG_GETAUDIO  10116  
[2023/07/13 23:15:37 506] tts        340  24007  10116  
[2023/07/13 23:15:37 506] tts        347  TTS_PUREXTTS_CB_END,  2  
[2023/07/13 23:15:37 506] tts        795  TTS_MSG_SSE  
[2023/07/13 23:15:37 506] tts        742  sse|use local  
[2023/07/13 23:15:37 507] tts        761  audio_id=  2  
[2023/07/13 23:15:37 507] tts        764  tts exit  
