============================================================
Time  2023/07/13 23:56:33 679 
============================================================
[2023/07/13 23:56:33 679] tts        811  SYS_MSG_REGCB param0 =  msp_status_cb  param1 =  func(3c0167f0) 
[2023/07/13 23:56:33 680] config     43   use general cloud  
[2023/07/13 23:56:33 681] tts_cloud  1438 SYS_MSG_REGCB_CLOUD param0 =   msp_status_cb  param1 =  func(3c0167f0) 
[2023/07/13 23:56:33 681] tts        782  TTS_MSG_SSB  
[2023/07/13 23:56:33 681] tts        434  params =  engine_type = purextts,voice_name=xiaoyan, text_encoding = UTF8, tts_res_path = fo|res/xtts/xiaoyan.jet;fo|res/xtts/common.jet, sample_rate = 16000, speed = 50, volume = 50, pitch = 50, rdn = 2  
[2023/07/13 23:56:33 681] tts        273  auf=audio/L16;rate=16000  
[2023/07/13 23:56:33 681] tts        273  auf=audio/L16;rate=16000  
[2023/07/13 23:56:33 681] tts        499  ssb|use purextts  
[2023/07/13 23:56:33 681] tts        406  purextts_session_begin  
[2023/07/13 23:56:33 682] tts        416  audio_id=  1  
[2023/07/13 23:56:33 683] tts        789  TTS_MSG_SYN  0  
[2023/07/13 23:56:33 683] tts        532  synth|use purextts  
[2023/07/13 23:56:33 683] tts        792  TTS_MSG_GETAUDIO  0  
[2023/07/13 23:56:33 683] tts        638  get audio|use purextts  
[2023/07/13 23:56:33 683] tts        671  0  nil  1  17479408  
[2023/07/13 23:56:33 683] tts        792  TTS_MSG_GETAUDIO  0  
[2023/07/13 23:56:33 683] tts        638  get audio|use purextts  
[2023/07/13 23:56:33 683] tts        671  0  nil  1  17479408  
[2023/07/13 23:56:33 683] tts        792  TTS_MSG_GETAUDIO  0  
[2023/07/13 23:56:33 683] tts        638  get audio|use purextts  
[2023/07/13 23:56:33 683] tts        671  0  nil  1  17479409  
[2023/07/13 23:56:33 683] tts        792  TTS_MSG_GETAUDIO  0  
[2023/07/13 23:56:33 683] tts        638  get audio|use purextts  
[2023/07/13 23:56:33 683] tts        671  0  nil  1  17479409  
[2023/07/13 23:56:33 683] tts        792  TTS_MSG_GETAUDIO  0  
[2023/07/13 23:56:33 683] tts        638  get audio|use purextts  
[2023/07/13 23:56:33 683] tts        671  0  nil  1  17479409  
[2023/07/13 23:56:33 684] tts        792  TTS_MSG_GETAUDIO  0  
[2023/07/13 23:56:33 684] tts        638  get audio|use purextts  
[2023/07/13 23:56:33 684] tts        671  0  nil  1  17479409  
[2023/07/13 23:56:33 684] tts        792  TTS_MSG_GETAUDIO  0  
[2023/07/13 23:56:33 684] tts        638  get audio|use purextts  
[2023/07/13 23:56:33 684] tts        671  0  nil  1  17479409  
[2023/07/13 23:56:33 684] tts        792  TTS_MSG_GETAUDIO  0  
[2023/07/13 23:56:33 684] tts        638  get audio|use purextts  
[2023/07/13 23:56:33 684] tts        671  0  nil  1  17479409  
[2023/07/13 23:56:33 684] tts        792  TTS_MSG_GETAUDIO  0  
[2023/07/13 23:56:33 684] tts        638  get audio|use purextts  
[2023/07/13 23:56:33 684] tts        671  0  nil  1  17479410  
[2023/07/13 23:56:33 684] tts        792  TTS_MSG_GETAUDIO  0  
[2023/07/13 23:56:33 684] tts        638  get audio|use purextts  
[2023/07/13 23:56:33 684] tts        671  0  nil  1  17479410  
[2023/07/13 23:56:33 685] tts        792  TTS_MSG_GETAUDIO  0  
[2023/07/13 23:56:33 685] tts        638  get audio|use purextts  
[2023/07/13 23:56:33 685] tts        671  0  nil  1  17479410  
[2023/07/13 23:56:33 685] tts        792  TTS_MSG_GETAUDIO  0  
[2023/07/13 23:56:33 685] tts        638  get audio|use purextts  
[2023/07/13 23:56:33 685] tts        671  0  nil  1  17479411  
[2023/07/13 23:56:33 685] tts        792  TTS_MSG_GETAUDIO  0  
[2023/07/13 23:56:33 685] tts        638  get audio|use purextts  
[2023/07/13 23:56:33 686] tts        671  0  nil  1  17479411  
[2023/07/13 23:56:33 686] tts        792  TTS_MSG_GETAUDIO  0  
[2023/07/13 23:56:33 686] tts        638  get audio|use purextts  
[2023/07/13 23:56:33 686] tts        671  0  nil  1  17479411  
[2023/07/13 23:56:33 686] tts        792  TTS_MSG_GETAUDIO  0  
[2023/07/13 23:56:33 686] tts        638  get audio|use purextts  
[2023/07/13 23:56:33 686] tts        671  0  nil  1  17479412  
[2023/07/13 23:56:33 686] tts        792  TTS_MSG_GETAUDIO  0  
[2023/07/13 23:56:33 687] tts        638  get audio|use purextts  
[2023/07/13 23:56:33 687] tts        671  0  nil  1  17479412  
[2023/07/13 23:56:33 687] tts        792  TTS_MSG_GETAUDIO  0  
[2023/07/13 23:56:33 687] tts        638  get audio|use purextts  
[2023/07/13 23:56:33 687] tts        671  0  nil  1  17479412  
[2023/07/13 23:56:33 687] tts        340  10116  0  
[2023/07/13 23:56:33 687] tts        347  TTS_PUREXTTS_CB_END,  2  
[2023/07/13 23:56:33 687] tts        792  TTS_MSG_GETAUDIO  10116  
[2023/07/13 23:56:33 688] tts        340  24007  10116  
[2023/07/13 23:56:33 688] tts        347  TTS_PUREXTTS_CB_END,  2  
[2023/07/13 23:56:33 688] tts        795  TTS_MSG_SSE  
[2023/07/13 23:56:33 688] tts        742  sse|use local  
[2023/07/13 23:56:33 688] tts        761  audio_id=  2  
[2023/07/13 23:56:33 688] tts        764  tts exit  
