============================================================
Time  2023/08/15 22:03:45 179 
============================================================
[2023/08/15 22:03:45 179] tts_local  1837 Linux  
[2023/08/15 22:03:45 179] tts_local  1873 SYS_MSG_REGCB_LOCAL  
[2023/08/15 22:03:45 180] tts_local  1888 last gc at  1692162225  
[2023/08/15 22:03:45 180] tts_local  1873 SYS_MSG_REGCB_LOCAL  
[2023/08/15 22:03:45 180] tts_local  1888 last gc at  1692162225  
[2023/08/15 22:03:45 180] tts_local  1680 TTS_LOCAL_MSG_SSB  engine_type=local,voice_name=xiaoyan,text_encoding=UTF8,tts_res_path=fo|res/tts/xiaoyan.jet;fo|res/tts/common.jet,sample_rate=16000,speed=50,volume=50,pitch=50,rdn=2  
[2023/08/15 22:03:45 180] tts_local  1572 fo|res/tts/xiaoyan.jet;fo|res/tts/common.jet  
[2023/08/15 22:03:45 181] tts_local  1575 nil  
[2023/08/15 22:03:45 181] tts_local  862  resource path:  fo|res/tts/xiaoyan.jet;fo|res/tts/common.jet  
[2023/08/15 22:03:45 181] tts_local  890  Disperse res  
[2023/08/15 22:03:45 181] tts_local  994  fo|res/tts/xiaoyan.jet  fo|res/tts/common.jet  
[2023/08/15 22:03:45 181] tts_local  1579 res_change is  true  
[2023/08/15 22:03:45 181] tts_local  1595 res change  
[2023/08/15 22:03:45 181] tts_local  1398 lgi:  nil  nil  
[2023/08/15 22:03:45 181] tts_local  862  resource path:  fo|res/tts/xiaoyan.jet;fo|res/tts/common.jet  
[2023/08/15 22:03:45 181] tts_local  890  Disperse res  
[2023/08/15 22:03:45 181] tts_local  852  file_type:  fo  file_path:  res/tts/xiaoyan.jet  
[2023/08/15 22:03:45 181] tts_local  852  file_type:  fo  file_path:  res/tts/common.jet  
[2023/08/15 22:03:45 181] tts_local  1426 fo  fo  res/tts/xiaoyan.jet  0  res/tts/common.jet  0  false  
[2023/08/15 22:03:45 181] tts_local  1033 speech_plus_setting  0  
[2023/08/15 22:03:45 181] tts_local  1041 fo  res/tts/xiaoyan.jet  0  0  
[2023/08/15 22:03:45 181] tts_local  1045 res_ver  0  
[2023/08/15 22:03:45 182] tts_local  1046 res appid5    
[2023/08/15 22:03:45 182] tts_local  1047 res_new_old_mark  v5vn  
[2023/08/15 22:03:45 182] tts_local  1048 res_usr_name    
[2023/08/15 22:03:45 182] tts_local  1049 check ret  0  
[2023/08/15 22:03:45 182] tts_local  1129 v5vn  
[2023/08/15 22:03:45 183] tts_local  1188 now expires:  1692162225  1695909640  
[2023/08/15 22:03:45 184] auth       86   aisound  app  nil  nil  {"aisound":{"ver":"2","bus":{"expire_date":1695909640,"forbid":"0","nlimit":10}}}  
[2023/08/15 22:03:45 185] auth       165  auth get aisound_res_id  nil  
[2023/08/15 22:03:45 185] auth       420  nil  
[2023/08/15 22:03:45 185] tts_local  1033 speech_plus_setting  0  
[2023/08/15 22:03:45 185] tts_local  1041 fo  res/tts/common.jet  0  0  
[2023/08/15 22:03:45 186] tts_local  1045 res_ver  0  
[2023/08/15 22:03:45 186] tts_local  1046 res appid5    
[2023/08/15 22:03:45 186] tts_local  1047 res_new_old_mark  v5vn  
[2023/08/15 22:03:45 186] tts_local  1048 res_usr_name    
[2023/08/15 22:03:45 186] tts_local  1049 check ret  0  
[2023/08/15 22:03:45 186] tts_local  1129 v5vn  
[2023/08/15 22:03:45 187] tts_local  1188 now expires:  1692162225  1695909640  
[2023/08/15 22:03:45 187] tts_local  1475 v5vn  v5vn  
[2023/08/15 22:03:45 187] auth       86   aisound  app  nil  nil  {"aisound":{"ver":"2","bus":{"expire_date":1695909640,"forbid":"0","nlimit":10}}}  
[2023/08/15 22:03:45 188] auth       165  auth get aisound_res_id  nil  
[2023/08/15 22:03:45 188] auth       420  nil  
[2023/08/15 22:03:45 188] tts_local  1518 fo  res/tts/xiaoyan.jet  145  fo  res/tts/common.jet  113  false  func(7c06d7a0) 
[2023/08/15 22:03:45 204] tts_local  1534 engine init success  
[2023/08/15 22:03:45 204] tts_local  862  resource path:  fo|res/tts/xiaoyan.jet;fo|res/tts/common.jet  
[2023/08/15 22:03:45 204] tts_local  890  Disperse res  
[2023/08/15 22:03:45 204] tts_local  1597 reinit ret:  0  
[2023/08/15 22:03:45 204] tts_local  1314 app auth  
[2023/08/15 22:03:45 205] auth       687  app  nil  nil  nil  
[2023/08/15 22:03:45 205] auth       744  ath rquest  {"authorize":[{"busin":"aisound","ver":"2.1.1"}]}  
[2023/08/15 22:03:45 205] config     91   select default  
[2023/08/15 22:03:45 205] config     113  use general cloud  
[2023/08/15 22:03:45 205] transport  645  paramkvsport is   nil  
[2023/08/15 22:03:45 205] transport  657  ns_enable=  1  
[2023/08/15 22:03:45 205] transport  659  2017-08--24 is_ns_need_close =   nil  
[2023/08/15 22:03:45 205] transport  665  net.nettype=  unknown  
[2023/08/15 22:03:45 205] transport  675  url.full=  nil  
[2023/08/15 22:03:45 205] transport  680  server_url_host=, server_url_port=, server_url_path=  open.xf-yun.com  nil  /msp.do  
[2023/08/15 22:03:45 205] transport  907  net type:  unknown  
[2023/08/15 22:03:45 205] transport  908  net operator:  def  
[2023/08/15 22:03:45 205] transport  909  use proxy:  false  
[2023/08/15 22:03:45 205] auth       799  not login!  
[2023/08/15 22:03:45 205] auth       636  [session] send auth request  
[2023/08/15 22:03:45 205] transport  1105 session.domain=  open.xf-yun.com  
[2023/08/15 22:03:45 205] transport  1106 url.host=  open.xf-yun.com  
[2023/08/15 22:03:45 205] transport  1083 NAMESERVER START  
[2023/08/15 22:03:45 205] transport  1086 name =   ath  
[2023/08/15 22:03:45 205] ns         634  ntt=  unknown  
[2023/08/15 22:03:45 205] transport  1089 trans,ns_inprog =  0  
[2023/08/15 22:03:45 205] ns         582  name server start  
[2023/08/15 22:03:45 205] ns         588  ns_sub =   ath  
[2023/08/15 22:03:45 205] ns         596  ns_host =   open.xf-yun.com  
[2023/08/15 22:03:45 205] ns         475  ns_host=  open.xf-yun.com  
[2023/08/15 22:03:45 205] ns         555  net_type =  standard  
[2023/08/15 22:03:45 205] ns         556  cmwapascmnet =  
[2023/08/15 22:03:45 205] ns         557  uniwapasuninet =  
[2023/08/15 22:03:45 206] ns         558  ctwapasctnet =  
[2023/08/15 22:03:45 206] ns         576  host=  hdns.xf-yun.com  
[2023/08/15 22:03:45 206] network    263  gethostbyname  hdns.xf-yun.com  ns1  
[2023/08/15 22:03:45 206] auth       643  0  
[2023/08/15 22:03:45 206] auth       606  lver:  nil  
[2023/08/15 22:03:45 206] auth       611  cfg_ver:  nil  
[2023/08/15 22:03:45 206] transport  1860 transport_obj.send | in  
[2023/08/15 22:03:45 206] transport  1866 self.msg_flag_q  table(7c0096d0) 
[2023/08/15 22:03:45 206] transport  1867 self.msg_q  table(7c009a10) 
[2023/08/15 22:03:45 206] transport  1799 transport_obj.try2send | in  
[2023/08/15 22:03:45 206] transport  1800 self.soc  nil  
[2023/08/15 22:03:45 206] transport  1801 self.connected  false  
[2023/08/15 22:03:45 206] transport  1802 self.latesterr  0  
[2023/08/15 22:03:45 206] transport  1873 transport_obj.send | out  
[2023/08/15 22:03:45 206] tts_local  1367 forbid_aisound =  0  
[2023/08/15 22:03:45 206] tts_local  1644 set voice name:  xiaoyan  
[2023/08/15 22:03:45 206] tts_local  1646 set default voice name:  xiaoyan  
[2023/08/15 22:03:45 206] tts_local  295  speed increase:  1  
[2023/08/15 22:03:45 207] tts_local  308  rcn:  0  
[2023/08/15 22:03:45 207] tts_local  321  bgs:  0  
[2023/08/15 22:03:45 207] tts_local  647  v5vn  
[2023/08/15 22:03:45 207] tts_local  696  fit:  false  
[2023/08/15 22:03:45 207] tts_local  551  type:  speed  value:  50  weight:  50  double_weight:  100  
[2023/08/15 22:03:45 207] tts_local  551  type:  pitch  value:  50  weight:  50  double_weight:  100  
[2023/08/15 22:03:45 207] tts_local  551  type:  volume  value:  50  weight:  50  double_weight:  100  
[2023/08/15 22:03:45 208] tts_local  580  sample_rate:  528  
[2023/08/15 22:03:45 209] tts_local  593  text_encoding:  65001  
[2023/08/15 22:03:45 209] tts_local  614  rdn:  1  
[2023/08/15 22:03:45 212] tts_local  627  effect:  0  
[2023/08/15 22:03:45 212] tts_local  1738 tts_local.ssb ret:  0  
[2023/08/15 22:03:45 212] tts_local  1888 last gc at  1692162225  
[2023/08/15 22:03:45 213] tts_local  1746 TTS_LOCAL_MSG_TEXT  
[2023/08/15 22:03:45 213] tts_local  1753 base64 =  5Z2O5Z235Z236K+t6Z+z6K+G5Yir44CB5Y+j6K+t6K+E5rWL562J5aSa6aG55oqA5pyv5LiK5oul5pyJ5oqA5pyv5oiQ5p6c44CC  
[2023/08/15 22:03:45 213] tts_local  1888 last gc at  1692162225  
[2023/08/15 22:03:45 258] tts_local  954  TTS_LOCAL_CB_OUTPUT  nCode:  528  ,ced:  75  ,nSize:  212  ,data:  udata(7c03bbb8) 
[2023/08/15 22:03:45 267] tts_local  954  TTS_LOCAL_CB_OUTPUT  nCode:  528  ,ced:  75  ,nSize:  5572  ,data:  udata(7c009f68) 
[2023/08/15 22:03:45 273] tts_local  954  TTS_LOCAL_CB_OUTPUT  nCode:  528  ,ced:  75  ,nSize:  6884  ,data:  udata(7c009fb8) 
[2023/08/15 22:03:45 278] tts_local  954  TTS_LOCAL_CB_OUTPUT  nCode:  528  ,ced:  75  ,nSize:  6916  ,data:  udata(7c0908c8) 
[2023/08/15 22:03:45 282] tts_local  954  TTS_LOCAL_CB_OUTPUT  nCode:  528  ,ced:  75  ,nSize:  7154  ,data:  udata(7c0221b8) 
[2023/08/15 22:03:45 288] tts_local  954  TTS_LOCAL_CB_OUTPUT  nCode:  528  ,ced:  75  ,nSize:  13336  ,data:  udata(7c009528) 
[2023/08/15 22:03:45 296] tts_local  954  TTS_LOCAL_CB_OUTPUT  nCode:  528  ,ced:  75  ,nSize:  12798  ,data:  udata(7c009578) 
[2023/08/15 22:03:45 300] tts_local  954  TTS_LOCAL_CB_OUTPUT  nCode:  528  ,ced:  75  ,nSize:  6430  ,data:  udata(7c021a08) 
[2023/08/15 22:03:45 303] tts_local  954  TTS_LOCAL_CB_OUTPUT  nCode:  528  ,ced:  75  ,nSize:  7216  ,data:  udata(7c021a58) 
[2023/08/15 22:03:45 308] tts_local  954  TTS_LOCAL_CB_OUTPUT  nCode:  528  ,ced:  75  ,nSize:  8080  ,data:  udata(7c04af08) 
[2023/08/15 22:03:45 311] tts_local  954  TTS_LOCAL_CB_OUTPUT  nCode:  528  ,ced:  75  ,nSize:  7840  ,data:  udata(7c021408) 
[2023/08/15 22:03:45 316] tts_local  954  TTS_LOCAL_CB_OUTPUT  nCode:  528  ,ced:  75  ,nSize:  7266  ,data:  udata(7c021458) 
[2023/08/15 22:03:45 321] tts_local  954  TTS_LOCAL_CB_OUTPUT  nCode:  528  ,ced:  75  ,nSize:  6166  ,data:  udata(7c021ff8) 
[2023/08/15 22:03:45 329] tts_local  954  TTS_LOCAL_CB_OUTPUT  nCode:  528  ,ced:  75  ,nSize:  7590  ,data:  udata(7c022048) 
[2023/08/15 22:03:45 334] tts_local  954  TTS_LOCAL_CB_OUTPUT  nCode:  528  ,ced:  75  ,nSize:  8830  ,data:  udata(7c04ac08) 
[2023/08/15 22:03:45 338] tts_local  954  TTS_LOCAL_CB_OUTPUT  nCode:  528  ,ced:  75  ,nSize:  5514  ,data:  udata(7c041d08) 
[2023/08/15 22:03:45 344] tts_local  954  TTS_LOCAL_CB_OUTPUT  nCode:  528  ,ced:  75  ,nSize:  13408  ,data:  udata(7c041d58) 
[2023/08/15 22:03:45 346] tts_local  954  TTS_LOCAL_CB_OUTPUT  nCode:  528  ,ced:  75  ,nSize:  4992  ,data:  udata(7c0069f8) 
[2023/08/15 22:03:45 348] tts_local  954  TTS_LOCAL_CB_OUTPUT  nCode:  528  ,ced:  75  ,nSize:  7176  ,data:  udata(7c006a48) 
[2023/08/15 22:03:45 349] tts_local  954  TTS_LOCAL_CB_OUTPUT  nCode:  528  ,ced:  75  ,nSize:  7872  ,data:  udata(7c056568) 
[2023/08/15 22:03:45 349] tts_local  954  TTS_LOCAL_CB_OUTPUT  nCode:  528  ,ced:  75  ,nSize:  5526  ,data:  udata(7c0565b8) 
[2023/08/15 22:03:45 351] tts_local  954  TTS_LOCAL_CB_OUTPUT  nCode:  528  ,ced:  75  ,nSize:  5772  ,data:  udata(7c087078) 
[2023/08/15 22:03:45 355] tts_local  954  TTS_LOCAL_CB_OUTPUT  nCode:  528  ,ced:  75  ,nSize:  6340  ,data:  udata(7c048438) 
[2023/08/15 22:03:45 356] tts_local  954  TTS_LOCAL_CB_OUTPUT  nCode:  528  ,ced:  75  ,nSize:  9784  ,data:  udata(7c048488) 
[2023/08/15 22:03:45 357] tts_local  954  TTS_LOCAL_CB_OUTPUT  nCode:  528  ,ced:  75  ,nSize:  512  ,data:  udata(7c0557a8) 
[2023/08/15 22:03:45 358] tts_local  954  TTS_LOCAL_CB_OUTPUT  nCode:  528  ,ced:  75  ,nSize:  512  ,data:  udata(7c0543c8) 
[2023/08/15 22:03:45 359] tts_local  954  TTS_LOCAL_CB_OUTPUT  nCode:  528  ,ced:  75  ,nSize:  512  ,data:  udata(7c054418) 
[2023/08/15 22:03:45 359] tts_local  954  TTS_LOCAL_CB_OUTPUT  nCode:  528  ,ced:  75  ,nSize:  512  ,data:  udata(7c049348) 
[2023/08/15 22:03:45 359] tts_local  954  TTS_LOCAL_CB_OUTPUT  nCode:  528  ,ced:  75  ,nSize:  512  ,data:  udata(7c049398) 
[2023/08/15 22:03:45 359] tts_local  954  TTS_LOCAL_CB_OUTPUT  nCode:  528  ,ced:  75  ,nSize:  512  ,data:  udata(7c076b38) 
[2023/08/15 22:03:45 359] tts_local  954  TTS_LOCAL_CB_OUTPUT  nCode:  528  ,ced:  75  ,nSize:  512  ,data:  udata(7c076b88) 
[2023/08/15 22:03:45 359] tts_local  954  TTS_LOCAL_CB_OUTPUT  nCode:  528  ,ced:  75  ,nSize:  512  ,data:  udata(7c03e2b8) 
[2023/08/15 22:03:45 359] tts_local  954  TTS_LOCAL_CB_OUTPUT  nCode:  528  ,ced:  75  ,nSize:  512  ,data:  udata(7c03e308) 
[2023/08/15 22:03:45 359] tts_local  954  TTS_LOCAL_CB_OUTPUT  nCode:  528  ,ced:  75  ,nSize:  512  ,data:  udata(7c054d58) 
[2023/08/15 22:03:45 359] tts_local  954  TTS_LOCAL_CB_OUTPUT  nCode:  528  ,ced:  75  ,nSize:  512  ,data:  udata(7c054da8) 
[2023/08/15 22:03:45 359] tts_local  954  TTS_LOCAL_CB_OUTPUT  nCode:  528  ,ced:  75  ,nSize:  512  ,data:  udata(7c0088b8) 
[2023/08/15 22:03:45 359] tts_local  954  TTS_LOCAL_CB_OUTPUT  nCode:  528  ,ced:  75  ,nSize:  512  ,data:  udata(7c008908) 
[2023/08/15 22:03:45 360] tts_local  954  TTS_LOCAL_CB_OUTPUT  nCode:  528  ,ced:  75  ,nSize:  512  ,data:  udata(7c008958) 
[2023/08/15 22:03:45 360] tts_local  954  TTS_LOCAL_CB_OUTPUT  nCode:  528  ,ced:  75  ,nSize:  512  ,data:  udata(7c025728) 
[2023/08/15 22:03:45 360] tts_local  954  TTS_LOCAL_CB_OUTPUT  nCode:  528  ,ced:  75  ,nSize:  512  ,data:  udata(7c025778) 
[2023/08/15 22:03:45 360] tts_local  954  TTS_LOCAL_CB_OUTPUT  nCode:  528  ,ced:  75  ,nSize:  512  ,data:  udata(7c0257c8) 
[2023/08/15 22:03:45 360] tts_local  954  TTS_LOCAL_CB_OUTPUT  nCode:  528  ,ced:  75  ,nSize:  512  ,data:  udata(7c024f28) 
[2023/08/15 22:03:45 360] tts_local  954  TTS_LOCAL_CB_OUTPUT  nCode:  528  ,ced:  75  ,nSize:  512  ,data:  udata(7c024f78) 
[2023/08/15 22:03:45 360] tts_local  954  TTS_LOCAL_CB_OUTPUT  nCode:  528  ,ced:  75  ,nSize:  512  ,data:  udata(7c024fc8) 
[2023/08/15 22:03:45 361] tts_local  954  TTS_LOCAL_CB_OUTPUT  nCode:  528  ,ced:  75  ,nSize:  512  ,data:  udata(7c021cc8) 
[2023/08/15 22:03:45 361] tts_local  954  TTS_LOCAL_CB_OUTPUT  nCode:  528  ,ced:  75  ,nSize:  512  ,data:  udata(7c021d18) 
[2023/08/15 22:03:45 362] tts_local  954  TTS_LOCAL_CB_OUTPUT  nCode:  528  ,ced:  75  ,nSize:  512  ,data:  udata(7c021d68) 
[2023/08/15 22:03:45 362] tts_local  954  TTS_LOCAL_CB_OUTPUT  nCode:  528  ,ced:  75  ,nSize:  512  ,data:  udata(7c048788) 
[2023/08/15 22:03:45 362] tts_local  954  TTS_LOCAL_CB_OUTPUT  nCode:  528  ,ced:  75  ,nSize:  214  ,data:  udata(7c0487d8) 
[2023/08/15 22:03:45 362] tts_local  941  TTS_LOCAL_CB_END  0  nil  
[2023/08/15 22:03:45 368] tts_local  1795 TTS_LOCAL_MSG_END  0  
[2023/08/15 22:03:45 368] tts_local  1199 plog_process  {"dur":194,"u_frs":85,"ret":0,"stime":"2023/08/15 22:03:45 174","csid":"ctts1PwHHBHv81432NiaakT+lj+dHz03G","hints":"Normal","u_txt":5,"u_lrs":193}  nil  
[2023/08/15 22:03:45 371] tts_local  1888 last gc at  1692162225  
[2023/08/15 22:03:48 206] transport  309  [dns] [1] timeout!   
[2023/08/15 22:03:48 207] transport  77   dns_failed  
[2023/08/15 22:03:48 207] network    90   ipfromenv ,  ipcache  open.xf-yun.com  def  nil  
[2023/08/15 22:03:48 207] network    90   ipfromenv ,  ipcfg  open.xf-yun.com  def  nil  
[2023/08/15 22:03:48 207] transport  1304 [soc] connect   42.62.116.18  1028  
[2023/08/15 22:03:48 207] transport  1316 mspsoc.open,prot_type=  tcp  
[2023/08/15 22:03:48 207] network    231  dns timeout!  ns1  
[2023/08/15 22:03:48 207] ns         454  ns dns failed, err =   10114  
[2023/08/15 22:03:48 208] network    445  gethttpresp2  42.62.116.18  80  ns2  
[2023/08/15 22:03:48 208] network    465  prot_type  tcp  
[2023/08/15 22:03:48 210] transport  542  MSC:[soc] [1] error 10202 111!  
[2023/08/15 22:03:48 210] transport  67   clear_ip ip_type =  nil  
[2023/08/15 22:03:48 211] transport  342  soc_conn_failed  
[2023/08/15 22:03:48 211] network    95   iptoenv ,  ipcache  open.xf-yun.com  def  nil  
[2023/08/15 22:03:48 212] transport  416  switch 80  
[2023/08/15 22:03:48 212] transport  1332 [soc] disconnect   
[2023/08/15 22:03:48 212] network    418  soc error  10202  ns2  
[2023/08/15 22:03:48 212] ns         253  name server http resp  10202  
[2023/08/15 22:03:48 212] ns         412  ns response failed, err =  10202  
[2023/08/15 22:03:48 212] ns         114  ns_host=  open.xf-yun.com  
[2023/08/15 22:03:48 212] ns         116  use default ip  
[2023/08/15 22:03:48 212] transport  1063 ns_ip =   42.62.116.18  
[2023/08/15 22:03:48 212] transport  1064 ip_type =  def_athopen.xf-yun.com  
[2023/08/15 22:03:48 212] transport  1304 [soc] connect   42.62.116.18  1028  
[2023/08/15 22:03:48 212] transport  1316 mspsoc.open,prot_type=  tcp  
[2023/08/15 22:03:48 213] ns         670  no data in ns_q  
[2023/08/15 22:03:48 213] ns         671  conti_ns,ns_inprog =   1  
[2023/08/15 22:03:48 213] transport  542  MSC:[soc] [1] error 10202 111!  
[2023/08/15 22:03:48 213] transport  67   clear_ip ip_type =  def_athopen.xf-yun.com  
[2023/08/15 22:03:48 214] transport  342  soc_conn_failed  
[2023/08/15 22:03:48 214] network    95   iptoenv ,  ipcache  open.xf-yun.com  def  nil  
[2023/08/15 22:03:48 214] transport  416  switch 80  
[2023/08/15 22:03:48 214] transport  1332 [soc] disconnect   
[2023/08/15 22:03:49 215] transport  330  soc_10202_wait  
[2023/08/15 22:03:49 215] transport  1105 session.domain=  open.xf-yun.com  
[2023/08/15 22:03:49 215] transport  1106 url.host=  open.xf-yun.com  
[2023/08/15 22:03:49 215] transport  1083 NAMESERVER START  
[2023/08/15 22:03:49 215] transport  1086 name =   ath  
[2023/08/15 22:03:49 215] ns         634  ntt=  unknown  
[2023/08/15 22:03:49 215] transport  1089 trans,ns_inprog =  0  
[2023/08/15 22:03:49 215] ns         582  name server start  
[2023/08/15 22:03:49 215] ns         588  ns_sub =   ath  
[2023/08/15 22:03:49 215] ns         596  ns_host =   open.xf-yun.com  
[2023/08/15 22:03:49 215] ns         475  ns_host=  open.xf-yun.com  
[2023/08/15 22:03:49 215] ns         555  net_type =  standard  
[2023/08/15 22:03:49 215] ns         556  cmwapascmnet =  
[2023/08/15 22:03:49 215] ns         557  uniwapasuninet =  
[2023/08/15 22:03:49 215] ns         558  ctwapasctnet =  
[2023/08/15 22:03:49 215] ns         576  host=  hdns.xf-yun.com  
[2023/08/15 22:03:49 215] network    263  gethostbyname  hdns.xf-yun.com  ns3  
[2023/08/15 22:03:51 379] tts_local  1853 SYS_MSG_SHUTDOWN_LOCAL  
[2023/08/15 22:03:51 380] tts_local  1888 last gc at  1692162225  
